[06/Dec/2018 18:16:49] "GET / HTTP/1.1" 200 15799
[06/Dec/2018 18:16:49] "GET /static/css/w3.css HTTP/1.1" 200 23491
[06/Dec/2018 18:16:49] "GET /static/css/trains.css HTTP/1.1" 200 1718
[06/Dec/2018 18:16:49] "GET /static/material-design-icons-3.0.1/iconfont/material-icons.css HTTP/1.1" 200 970
[06/Dec/2018 18:16:49] "GET /static/css/bootstrap.min.css HTTP/1.1" 200 140936
[06/Dec/2018 18:16:49] "GET /static/js/jquery-3.3.1.min.js HTTP/1.1" 200 86927
[06/Dec/2018 18:16:49] "GET /static/css/bootstrap3.min.css HTTP/1.1" 200 121200
[06/Dec/2018 18:16:49] "GET /static/js/colorpicker/jquery.colorpicker.js HTTP/1.1" 200 14441
[06/Dec/2018 18:16:49] "GET /static/js/cursor.js HTTP/1.1" 200 3416
[06/Dec/2018 18:16:49] "GET /static/js/jquery.knob.js HTTP/1.1" 200 26252
[06/Dec/2018 18:16:49] "GET /static/js/buttons/buttonHandler.js HTTP/1.1" 200 1368
[06/Dec/2018 18:16:49] "GET /static/js/popper.min.js HTTP/1.1" 200 20337
[06/Dec/2018 18:16:49] "GET /static/js/bootstrap.min.js HTTP/1.1" 200 51039
[06/Dec/2018 18:16:49] "POST /commands/ HTTP/1.1" 200 2
[06/Dec/2018 18:16:49] "GET /media/45986.jpg HTTP/1.1" 200 109074
[06/Dec/2018 18:16:49] "GET /media/s-l500.png HTTP/1.1" 200 242048
Not Found: /favicon.ico
[06/Dec/2018 18:16:49] "GET /favicon.ico HTTP/1.1" 404 2803
[06/Dec/2018 18:21:54] "GET /static/js/popper.min.js.map HTTP/1.1" 404 1683
[06/Dec/2018 18:21:54] "GET /static/css/bootstrap.min.css.map HTTP/1.1" 404 1698
[06/Dec/2018 18:21:54] "GET /static/js/bootstrap.min.js.map HTTP/1.1" 404 1692
[06/Dec/2018 18:21:56] "GET / HTTP/1.1" 200 15813
[06/Dec/2018 18:21:56] "GET /static/material-design-icons-3.0.1/iconfont/material-icons.css HTTP/1.1" 200 970
[06/Dec/2018 18:21:56] "GET /static/css/w3.css HTTP/1.1" 200 23491
[06/Dec/2018 18:21:56] "GET /static/css/trains.css HTTP/1.1" 200 1718
[06/Dec/2018 18:21:57] "GET /static/js/cursor.js HTTP/1.1" 200 3416
[06/Dec/2018 18:21:57] "GET /static/js/jquery-3.3.1.min.js HTTP/1.1" 200 86927
[06/Dec/2018 18:21:57] "GET /static/css/bootstrap.min.css HTTP/1.1" 200 140936
[06/Dec/2018 18:21:57] "GET /static/css/bootstrap3.min.css HTTP/1.1" 200 121200
[06/Dec/2018 18:21:57] "GET /static/js/jquery.knob.js HTTP/1.1" 200 26252
[06/Dec/2018 18:21:57] "GET /static/js/colorpicker/jquery.colorpicker.js HTTP/1.1" 200 14441
[06/Dec/2018 18:21:57] "GET /static/js/buttons/buttonHandler.js HTTP/1.1" 200 1368
[06/Dec/2018 18:21:57] "GET /static/js/popper.min.js HTTP/1.1" 200 20337
[06/Dec/2018 18:21:57] "GET /static/js/bootstrap.min.js HTTP/1.1" 200 51039
[06/Dec/2018 18:21:57] "POST /commands/ HTTP/1.1" 200 2
[06/Dec/2018 18:21:57] "GET /static/css/bootstrap.min.css.map HTTP/1.1" 404 1698
[06/Dec/2018 18:21:57] "GET /static/js/popper.min.js.map HTTP/1.1" 404 1683
[06/Dec/2018 18:21:57] "GET /static/js/bootstrap.min.js.map HTTP/1.1" 404 1692
[06/Dec/2018 18:21:57] "GET /media/45986.jpg HTTP/1.1" 200 109074
[06/Dec/2018 18:21:57] "GET /media/s-l500.png HTTP/1.1" 200 242048
Not Found: /favicon.ico
[06/Dec/2018 18:21:57] "GET /favicon.ico HTTP/1.1" 404 2803
Internal Server Error: /
Traceback (most recent call last):
  File "/share/djangoTrain/myvenv/lib/python3.5/site-packages/django/template/base.py", line 470, in parse
    compile_func = self.tags[command]
KeyError: 'media'

During handling of the above exception, another exception occurred:

Traceback (most recent call last):
  File "/share/djangoTrain/myvenv/lib/python3.5/site-packages/django/core/handlers/exception.py", line 34, in inner
    response = get_response(request)
  File "/share/djangoTrain/myvenv/lib/python3.5/site-packages/django/core/handlers/base.py", line 126, in _get_response
    response = self.process_exception_by_middleware(e, request)
  File "/share/djangoTrain/myvenv/lib/python3.5/site-packages/django/core/handlers/base.py", line 124, in _get_response
    response = wrapped_callback(request, *callback_args, **callback_kwargs)
  File "/share/djangoTrain/trains/views.py", line 17, in main_page
    return render(request, 'trains/index.html', {'trains': trains, 'lights' : lights})
  File "/share/djangoTrain/myvenv/lib/python3.5/site-packages/django/shortcuts.py", line 36, in render
    content = loader.render_to_string(template_name, context, request, using=using)
  File "/share/djangoTrain/myvenv/lib/python3.5/site-packages/django/template/loader.py", line 61, in render_to_string
    template = get_template(template_name, using=using)
  File "/share/djangoTrain/myvenv/lib/python3.5/site-packages/django/template/loader.py", line 15, in get_template
    return engine.get_template(template_name)
  File "/share/djangoTrain/myvenv/lib/python3.5/site-packages/django/template/backends/django.py", line 34, in get_template
    return Template(self.engine.get_template(template_name), self)
  File "/share/djangoTrain/myvenv/lib/python3.5/site-packages/django/template/engine.py", line 144, in get_template
    template, origin = self.find_template(template_name)
  File "/share/djangoTrain/myvenv/lib/python3.5/site-packages/django/template/engine.py", line 126, in find_template
    template = loader.get_template(name, skip=skip)
  File "/share/djangoTrain/myvenv/lib/python3.5/site-packages/django/template/loaders/base.py", line 30, in get_template
    contents, origin, origin.template_name, self.engine,
  File "/share/djangoTrain/myvenv/lib/python3.5/site-packages/django/template/base.py", line 156, in __init__
    self.nodelist = self.compile_nodelist()
  File "/share/djangoTrain/myvenv/lib/python3.5/site-packages/django/template/base.py", line 194, in compile_nodelist
    return parser.parse()
  File "/share/djangoTrain/myvenv/lib/python3.5/site-packages/django/template/base.py", line 478, in parse
    raise self.error(token, e)
  File "/share/djangoTrain/myvenv/lib/python3.5/site-packages/django/template/base.py", line 476, in parse
    compiled_result = compile_func(self, token)
  File "/share/djangoTrain/myvenv/lib/python3.5/site-packages/django/template/loader_tags.py", line 266, in do_extends
    nodelist = parser.parse()
  File "/share/djangoTrain/myvenv/lib/python3.5/site-packages/django/template/base.py", line 478, in parse
    raise self.error(token, e)
  File "/share/djangoTrain/myvenv/lib/python3.5/site-packages/django/template/base.py", line 476, in parse
    compiled_result = compile_func(self, token)
  File "/share/djangoTrain/myvenv/lib/python3.5/site-packages/django/template/loader_tags.py", line 209, in do_block
    nodelist = parser.parse(('endblock',))
  File "/share/djangoTrain/myvenv/lib/python3.5/site-packages/django/template/base.py", line 472, in parse
    self.invalid_block_tag(token, command, parse_until)
  File "/share/djangoTrain/myvenv/lib/python3.5/site-packages/django/template/base.py", line 528, in invalid_block_tag
    get_text_list(["'%s'" % p for p in parse_until], 'or'),
django.template.exceptions.TemplateSyntaxError: Invalid block tag on line 230: 'media', expected 'endblock'. Did you forget to register or load this tag?
[06/Dec/2018 18:25:50] "GET / HTTP/1.1" 500 158684
Not Found: /favicon.ico
[06/Dec/2018 18:25:51] "GET /favicon.ico HTTP/1.1" 404 2803
Internal Server Error: /
Traceback (most recent call last):
  File "/share/djangoTrain/myvenv/lib/python3.5/site-packages/django/template/defaulttags.py", line 1020, in find_library
    return parser.libraries[name]
KeyError: 'media'

During handling of the above exception, another exception occurred:

Traceback (most recent call last):
  File "/share/djangoTrain/myvenv/lib/python3.5/site-packages/django/core/handlers/exception.py", line 34, in inner
    response = get_response(request)
  File "/share/djangoTrain/myvenv/lib/python3.5/site-packages/django/core/handlers/base.py", line 126, in _get_response
    response = self.process_exception_by_middleware(e, request)
  File "/share/djangoTrain/myvenv/lib/python3.5/site-packages/django/core/handlers/base.py", line 124, in _get_response
    response = wrapped_callback(request, *callback_args, **callback_kwargs)
  File "/share/djangoTrain/trains/views.py", line 17, in main_page
    return render(request, 'trains/index.html', {'trains': trains, 'lights' : lights})
  File "/share/djangoTrain/myvenv/lib/python3.5/site-packages/django/shortcuts.py", line 36, in render
    content = loader.render_to_string(template_name, context, request, using=using)
  File "/share/djangoTrain/myvenv/lib/python3.5/site-packages/django/template/loader.py", line 61, in render_to_string
    template = get_template(template_name, using=using)
  File "/share/djangoTrain/myvenv/lib/python3.5/site-packages/django/template/loader.py", line 15, in get_template
    return engine.get_template(template_name)
  File "/share/djangoTrain/myvenv/lib/python3.5/site-packages/django/template/backends/django.py", line 34, in get_template
    return Template(self.engine.get_template(template_name), self)
  File "/share/djangoTrain/myvenv/lib/python3.5/site-packages/django/template/engine.py", line 144, in get_template
    template, origin = self.find_template(template_name)
  File "/share/djangoTrain/myvenv/lib/python3.5/site-packages/django/template/engine.py", line 126, in find_template
    template = loader.get_template(name, skip=skip)
  File "/share/djangoTrain/myvenv/lib/python3.5/site-packages/django/template/loaders/base.py", line 30, in get_template
    contents, origin, origin.template_name, self.engine,
  File "/share/djangoTrain/myvenv/lib/python3.5/site-packages/django/template/base.py", line 156, in __init__
    self.nodelist = self.compile_nodelist()
  File "/share/djangoTrain/myvenv/lib/python3.5/site-packages/django/template/base.py", line 194, in compile_nodelist
    return parser.parse()
  File "/share/djangoTrain/myvenv/lib/python3.5/site-packages/django/template/base.py", line 478, in parse
    raise self.error(token, e)
  File "/share/djangoTrain/myvenv/lib/python3.5/site-packages/django/template/base.py", line 476, in parse
    compiled_result = compile_func(self, token)
  File "/share/djangoTrain/myvenv/lib/python3.5/site-packages/django/template/loader_tags.py", line 266, in do_extends
    nodelist = parser.parse()
  File "/share/djangoTrain/myvenv/lib/python3.5/site-packages/django/template/base.py", line 478, in parse
    raise self.error(token, e)
  File "/share/djangoTrain/myvenv/lib/python3.5/site-packages/django/template/base.py", line 476, in parse
    compiled_result = compile_func(self, token)
  File "/share/djangoTrain/myvenv/lib/python3.5/site-packages/django/template/loader_tags.py", line 209, in do_block
    nodelist = parser.parse(('endblock',))
  File "/share/djangoTrain/myvenv/lib/python3.5/site-packages/django/template/base.py", line 478, in parse
    raise self.error(token, e)
  File "/share/djangoTrain/myvenv/lib/python3.5/site-packages/django/template/base.py", line 476, in parse
    compiled_result = compile_func(self, token)
  File "/share/djangoTrain/myvenv/lib/python3.5/site-packages/django/template/defaulttags.py", line 1077, in load
    lib = find_library(parser, name)
  File "/share/djangoTrain/myvenv/lib/python3.5/site-packages/django/template/defaulttags.py", line 1024, in find_library
    name, "\n".join(sorted(parser.libraries)),
django.template.exceptions.TemplateSyntaxError: 'media' is not a registered tag library. Must be one of:
admin_list
admin_modify
admin_static
admin_urls
cache
i18n
l10n
log
static
staticfiles
tz
[06/Dec/2018 18:26:37] "GET / HTTP/1.1" 500 166073
[06/Dec/2018 18:27:56] "GET / HTTP/1.1" 200 15993
[06/Dec/2018 18:27:56] "GET /static/css/w3.css HTTP/1.1" 200 23491
[06/Dec/2018 18:27:56] "GET /static/material-design-icons-3.0.1/iconfont/material-icons.css HTTP/1.1" 200 970
[06/Dec/2018 18:27:56] "GET /static/css/trains.css HTTP/1.1" 200 1718
[06/Dec/2018 18:27:56] "GET /static/js/jquery-3.3.1.min.js HTTP/1.1" 200 86927
[06/Dec/2018 18:27:56] "GET /static/js/colorpicker/jquery.colorpicker.js HTTP/1.1" 200 14441
[06/Dec/2018 18:27:56] "GET /static/js/cursor.js HTTP/1.1" 200 3416
[06/Dec/2018 18:27:56] "GET /static/js/jquery.knob.js HTTP/1.1" 200 26252
[06/Dec/2018 18:27:56] "GET /static/css/bootstrap3.min.css HTTP/1.1" 200 121200
[06/Dec/2018 18:27:56] "GET /static/css/bootstrap.min.css HTTP/1.1" 200 140936
[06/Dec/2018 18:27:56] "GET /static/js/buttons/buttonHandler.js HTTP/1.1" 200 1368
[06/Dec/2018 18:27:56] "GET /static/js/popper.min.js HTTP/1.1" 200 20337
[06/Dec/2018 18:27:56] "GET /static/js/bootstrap.min.js HTTP/1.1" 200 51039
[06/Dec/2018 18:27:56] "POST /commands/ HTTP/1.1" 200 2
[06/Dec/2018 18:27:56] "GET /static/js/popper.min.js.map HTTP/1.1" 404 1683
[06/Dec/2018 18:27:56] "GET /static/css/bootstrap.min.css.map HTTP/1.1" 404 1698
[06/Dec/2018 18:27:56] "GET /media/45986.jpg HTTP/1.1" 200 109074
[06/Dec/2018 18:27:56] "GET /media/s-l500.png HTTP/1.1" 200 242048
[06/Dec/2018 18:27:56] "GET /static/js/bootstrap.min.js.map HTTP/1.1" 404 1692
[06/Dec/2018 18:27:56] "GET /media/Tracklayout.jpg HTTP/1.1" 200 135302
Not Found: /favicon.ico
[06/Dec/2018 18:27:56] "GET /favicon.ico HTTP/1.1" 404 2803
[06/Dec/2018 18:28:13] "GET / HTTP/1.1" 200 15847
[06/Dec/2018 18:28:13] "GET /static/js/popper.min.js.map HTTP/1.1" 404 1683
[06/Dec/2018 18:28:13] "GET /static/css/bootstrap.min.css.map HTTP/1.1" 404 1698
[06/Dec/2018 18:28:13] "POST /commands/ HTTP/1.1" 200 2
[06/Dec/2018 18:28:13] "GET /static/js/bootstrap.min.js.map HTTP/1.1" 404 1692
[06/Dec/2018 18:28:31] "GET / HTTP/1.1" 200 15848
[06/Dec/2018 18:28:31] "GET /static/css/w3.css HTTP/1.1" 200 23491
[06/Dec/2018 18:28:31] "GET /static/css/trains.css HTTP/1.1" 200 1718
[06/Dec/2018 18:28:31] "GET /static/material-design-icons-3.0.1/iconfont/material-icons.css HTTP/1.1" 200 970
[06/Dec/2018 18:28:31] "GET /static/css/bootstrap.min.css HTTP/1.1" 200 140936
[06/Dec/2018 18:28:31] "GET /static/js/jquery-3.3.1.min.js HTTP/1.1" 200 86927
[06/Dec/2018 18:28:31] "GET /static/js/cursor.js HTTP/1.1" 200 3416
[06/Dec/2018 18:28:31] "GET /static/js/colorpicker/jquery.colorpicker.js HTTP/1.1" 200 14441
[06/Dec/2018 18:28:31] "GET /static/css/bootstrap3.min.css HTTP/1.1" 200 121200
[06/Dec/2018 18:28:31] "GET /static/js/jquery.knob.js HTTP/1.1" 200 26252
[06/Dec/2018 18:28:31] "GET /static/js/buttons/buttonHandler.js HTTP/1.1" 200 1368
[06/Dec/2018 18:28:31] "GET /static/js/popper.min.js HTTP/1.1" 200 20337
[06/Dec/2018 18:28:31] "GET /static/js/bootstrap.min.js HTTP/1.1" 200 51039
[06/Dec/2018 18:28:31] "GET /static/css/bootstrap.min.css.map HTTP/1.1" 404 1698
[06/Dec/2018 18:28:31] "POST /commands/ HTTP/1.1" 200 2
[06/Dec/2018 18:28:31] "GET /media/45986.jpg HTTP/1.1" 200 109074
[06/Dec/2018 18:28:31] "GET /static/js/popper.min.js.map HTTP/1.1" 404 1683
[06/Dec/2018 18:28:31] "GET /static/js/bootstrap.min.js.map HTTP/1.1" 404 1692
[06/Dec/2018 18:28:31] "GET /media/s-l500.png HTTP/1.1" 200 242048
Not Found: /favicon.ico
[06/Dec/2018 18:28:31] "GET /favicon.ico HTTP/1.1" 404 2803
[06/Dec/2018 18:30:08] "GET / HTTP/1.1" 200 16179
[06/Dec/2018 18:30:08] "GET /static/material-design-icons-3.0.1/iconfont/material-icons.css HTTP/1.1" 200 970
[06/Dec/2018 18:30:08] "GET /static/css/w3.css HTTP/1.1" 200 23491
[06/Dec/2018 18:30:08] "GET /static/css/trains.css HTTP/1.1" 200 1718
[06/Dec/2018 18:30:08] "GET /static/js/cursor.js HTTP/1.1" 200 3416
[06/Dec/2018 18:30:08] "GET /static/css/bootstrap3.min.css HTTP/1.1" 200 121200
[06/Dec/2018 18:30:08] "GET /static/js/jquery.knob.js HTTP/1.1" 200 26252
[06/Dec/2018 18:30:08] "GET /static/js/colorpicker/jquery.colorpicker.js HTTP/1.1" 200 14441
[06/Dec/2018 18:30:08] "GET /static/js/jquery-3.3.1.min.js HTTP/1.1" 200 86927
[06/Dec/2018 18:30:08] "GET /static/css/bootstrap.min.css HTTP/1.1" 200 140936
[06/Dec/2018 18:30:08] "GET /static/js/buttons/buttonHandler.js HTTP/1.1" 200 1368
[06/Dec/2018 18:30:08] "GET /static/js/popper.min.js HTTP/1.1" 200 20337
[06/Dec/2018 18:30:08] "GET /static/js/bootstrap.min.js HTTP/1.1" 200 51039
[06/Dec/2018 18:30:08] "POST /commands/ HTTP/1.1" 200 2
[06/Dec/2018 18:30:09] "GET /media/Tracklayout.jpg HTTP/1.1" 200 135302
[06/Dec/2018 18:30:09] "GET /static/js/popper.min.js.map HTTP/1.1" 404 1683
[06/Dec/2018 18:30:09] "GET /static/css/bootstrap.min.css.map HTTP/1.1" 404 1698
[06/Dec/2018 18:30:09] "GET /media/45986.jpg HTTP/1.1" 200 109074
[06/Dec/2018 18:30:09] "GET /static/js/bootstrap.min.js.map HTTP/1.1" 404 1692
[06/Dec/2018 18:30:09] "GET /media/s-l500.png HTTP/1.1" 200 242048
Not Found: /favicon.ico
[06/Dec/2018 18:30:09] "GET /favicon.ico HTTP/1.1" 404 2803
[06/Dec/2018 18:32:01] "GET / HTTP/1.1" 200 20411
[06/Dec/2018 18:32:01] "GET /media/Tracklayout.jpg HTTP/1.1" 304 0
[06/Dec/2018 18:32:01] "POST /commands/ HTTP/1.1" 200 2
[06/Dec/2018 18:32:01] "GET /static/css/bootstrap.min.css.map HTTP/1.1" 404 1698
[06/Dec/2018 18:32:01] "GET /static/js/popper.min.js.map HTTP/1.1" 404 1683
[06/Dec/2018 18:32:01] "GET /static/js/bootstrap.min.js.map HTTP/1.1" 404 1692
[06/Dec/2018 18:32:04] "GET /media/jquery.colorpicker.slider.png HTTP/1.1" 200 380
[06/Dec/2018 18:32:04] "GET /media/jquery.colorpicker.wheel_cursor.png HTTP/1.1" 200 388
[06/Dec/2018 18:32:04] "GET /media/jquery.colorpicker.slider_cursor.png HTTP/1.1" 200 461
[06/Dec/2018 18:32:04] "GET /static/material-design-icons-3.0.1/iconfont/MaterialIcons-Regular.woff2 HTTP/1.1" 200 44300
[06/Dec/2018 18:32:05] "GET /media/jquery.colorpicker.wheel_mask.png HTTP/1.1" 200 3892
[06/Dec/2018 18:32:05] "GET /media/jquery.colorpicker.wheel.png HTTP/1.1" 200 24882
[06/Dec/2018 18:32:30] "GET / HTTP/1.1" 200 20409
[06/Dec/2018 18:32:30] "GET /static/material-design-icons-3.0.1/iconfont/material-icons.css HTTP/1.1" 200 970
[06/Dec/2018 18:32:30] "GET /static/css/w3.css HTTP/1.1" 200 23491
[06/Dec/2018 18:32:30] "GET /static/css/trains.css HTTP/1.1" 200 1718
[06/Dec/2018 18:32:30] "GET /static/css/bootstrap3.min.css HTTP/1.1" 200 121200
[06/Dec/2018 18:32:30] "GET /static/js/cursor.js HTTP/1.1" 200 3416
[06/Dec/2018 18:32:30] "GET /static/js/jquery-3.3.1.min.js HTTP/1.1" 200 86927
[06/Dec/2018 18:32:30] "GET /static/js/colorpicker/jquery.colorpicker.js HTTP/1.1" 200 14441
[06/Dec/2018 18:32:30] "GET /static/css/bootstrap.min.css HTTP/1.1" 200 140936
[06/Dec/2018 18:32:30] "GET /static/js/jquery.knob.js HTTP/1.1" 200 26252
[06/Dec/2018 18:32:30] "GET /static/js/buttons/buttonHandler.js HTTP/1.1" 200 1368
[06/Dec/2018 18:32:30] "GET /static/js/popper.min.js HTTP/1.1" 200 20337
[06/Dec/2018 18:32:30] "GET /static/css/bootstrap.min.css.map HTTP/1.1" 404 1698
[06/Dec/2018 18:32:30] "GET /static/js/bootstrap.min.js HTTP/1.1" 200 51039
[06/Dec/2018 18:32:30] "POST /commands/ HTTP/1.1" 200 2
[06/Dec/2018 18:32:30] "GET /media/Tracklayout.jpg HTTP/1.1" 200 135302
[06/Dec/2018 18:32:31] "GET /static/js/popper.min.js.map HTTP/1.1" 404 1683
[06/Dec/2018 18:32:31] "GET /media/45986.jpg HTTP/1.1" 200 109074
[06/Dec/2018 18:32:31] "GET /static/js/bootstrap.min.js.map HTTP/1.1" 404 1692
[06/Dec/2018 18:32:31] "GET /media/s-l500.png HTTP/1.1" 200 242048
Not Found: /favicon.ico
[06/Dec/2018 18:32:31] "GET /favicon.ico HTTP/1.1" 404 2803
[06/Dec/2018 18:32:32] "GET /static/material-design-icons-3.0.1/iconfont/MaterialIcons-Regular.woff2 HTTP/1.1" 200 44300
[06/Dec/2018 18:35:35] "GET / HTTP/1.1" 200 20364
[06/Dec/2018 18:35:35] "GET /static/css/w3.css HTTP/1.1" 200 23491
[06/Dec/2018 18:35:35] "GET /static/material-design-icons-3.0.1/iconfont/material-icons.css HTTP/1.1" 200 970
[06/Dec/2018 18:35:35] "GET /static/css/trains.css HTTP/1.1" 200 1718
[06/Dec/2018 18:35:35] "GET /static/js/jquery-3.3.1.min.js HTTP/1.1" 200 86927
[06/Dec/2018 18:35:35] "GET /static/css/bootstrap.min.css HTTP/1.1" 200 140936
[06/Dec/2018 18:35:35] "GET /static/js/cursor.js HTTP/1.1" 200 3416
[06/Dec/2018 18:35:35] "GET /static/js/colorpicker/jquery.colorpicker.js HTTP/1.1" 200 14441
[06/Dec/2018 18:35:35] "GET /static/css/bootstrap3.min.css HTTP/1.1" 200 121200
[06/Dec/2018 18:35:35] "GET /static/js/jquery.knob.js HTTP/1.1" 200 26252
[06/Dec/2018 18:35:35] "GET /static/js/buttons/buttonHandler.js HTTP/1.1" 200 1368
[06/Dec/2018 18:35:35] "GET /static/js/popper.min.js HTTP/1.1" 200 20337
[06/Dec/2018 18:35:35] "GET /static/js/bootstrap.min.js HTTP/1.1" 200 51039
[06/Dec/2018 18:35:35] "POST /commands/ HTTP/1.1" 200 2
[06/Dec/2018 18:35:35] "GET /static/css/bootstrap.min.css.map HTTP/1.1" 404 1698
[06/Dec/2018 18:35:35] "GET /static/js/popper.min.js.map HTTP/1.1" 404 1683
[06/Dec/2018 18:35:35] "GET /media/Tracklayout.jpg HTTP/1.1" 200 135302
[06/Dec/2018 18:35:35] "GET /static/js/bootstrap.min.js.map HTTP/1.1" 404 1692
[06/Dec/2018 18:35:35] "GET /media/45986.jpg HTTP/1.1" 200 109074
[06/Dec/2018 18:35:35] "GET /media/s-l500.png HTTP/1.1" 200 242048
Not Found: /favicon.ico
[06/Dec/2018 18:35:35] "GET /favicon.ico HTTP/1.1" 404 2803
[06/Dec/2018 18:35:36] "GET /static/material-design-icons-3.0.1/iconfont/MaterialIcons-Regular.woff2 HTTP/1.1" 200 44300
[06/Dec/2018 18:36:07] "GET / HTTP/1.1" 200 20365
[06/Dec/2018 18:36:07] "GET /static/material-design-icons-3.0.1/iconfont/material-icons.css HTTP/1.1" 200 970
[06/Dec/2018 18:36:07] "GET /static/css/trains.css HTTP/1.1" 200 1718
[06/Dec/2018 18:36:07] "GET /static/css/w3.css HTTP/1.1" 200 23491
[06/Dec/2018 18:36:07] "GET /static/js/jquery-3.3.1.min.js HTTP/1.1" 200 86927
[06/Dec/2018 18:36:07] "GET /static/js/jquery.knob.js HTTP/1.1" 200 26252
[06/Dec/2018 18:36:07] "GET /static/js/cursor.js HTTP/1.1" 200 3416
[06/Dec/2018 18:36:07] "GET /static/css/bootstrap3.min.css HTTP/1.1" 200 121200
[06/Dec/2018 18:36:07] "GET /static/css/bootstrap.min.css HTTP/1.1" 200 140936
[06/Dec/2018 18:36:07] "GET /static/js/colorpicker/jquery.colorpicker.js HTTP/1.1" 200 14441
[06/Dec/2018 18:36:07] "GET /static/js/buttons/buttonHandler.js HTTP/1.1" 200 1368
[06/Dec/2018 18:36:07] "GET /static/js/popper.min.js HTTP/1.1" 200 20337
[06/Dec/2018 18:36:07] "GET /static/js/bootstrap.min.js HTTP/1.1" 200 51039
[06/Dec/2018 18:36:07] "POST /commands/ HTTP/1.1" 200 2
[06/Dec/2018 18:36:07] "GET /static/css/bootstrap.min.css.map HTTP/1.1" 404 1698
[06/Dec/2018 18:36:07] "GET /media/45986.jpg HTTP/1.1" 200 109074
[06/Dec/2018 18:36:07] "GET /static/js/popper.min.js.map HTTP/1.1" 404 1683
[06/Dec/2018 18:36:07] "GET /media/Tracklayout.jpg HTTP/1.1" 200 135302
[06/Dec/2018 18:36:07] "GET /static/js/bootstrap.min.js.map HTTP/1.1" 404 1692
[06/Dec/2018 18:36:07] "GET /media/s-l500.png HTTP/1.1" 200 242048
Not Found: /favicon.ico
[06/Dec/2018 18:36:07] "GET /favicon.ico HTTP/1.1" 404 2803
[06/Dec/2018 18:36:09] "GET /static/material-design-icons-3.0.1/iconfont/MaterialIcons-Regular.woff2 HTTP/1.1" 200 44300
[06/Dec/2018 18:36:40] "GET / HTTP/1.1" 200 20286
[06/Dec/2018 18:36:40] "GET /static/css/w3.css HTTP/1.1" 200 23491
[06/Dec/2018 18:36:40] "GET /static/material-design-icons-3.0.1/iconfont/material-icons.css HTTP/1.1" 200 970
[06/Dec/2018 18:36:40] "GET /static/css/trains.css HTTP/1.1" 200 1718
[06/Dec/2018 18:36:40] "GET /static/js/jquery-3.3.1.min.js HTTP/1.1" 200 86927
[06/Dec/2018 18:36:40] "GET /static/css/bootstrap3.min.css HTTP/1.1" 200 121200
[06/Dec/2018 18:36:40] "GET /static/js/cursor.js HTTP/1.1" 200 3416
[06/Dec/2018 18:36:40] "GET /static/css/bootstrap.min.css HTTP/1.1" 200 140936
[06/Dec/2018 18:36:40] "GET /static/js/colorpicker/jquery.colorpicker.js HTTP/1.1" 200 14441
[06/Dec/2018 18:36:40] "GET /static/js/jquery.knob.js HTTP/1.1" 200 26252
[06/Dec/2018 18:36:40] "GET /static/js/buttons/buttonHandler.js HTTP/1.1" 200 1368
[06/Dec/2018 18:36:40] "GET /static/js/popper.min.js HTTP/1.1" 200 20337
[06/Dec/2018 18:36:40] "GET /static/css/bootstrap.min.css.map HTTP/1.1" 404 1698
[06/Dec/2018 18:36:40] "GET /static/js/bootstrap.min.js HTTP/1.1" 200 51039
[06/Dec/2018 18:36:40] "POST /commands/ HTTP/1.1" 200 2
[06/Dec/2018 18:36:41] "GET /static/js/popper.min.js.map HTTP/1.1" 404 1683
[06/Dec/2018 18:36:41] "GET /media/Tracklayout.jpg HTTP/1.1" 200 135302
[06/Dec/2018 18:36:41] "GET /static/js/bootstrap.min.js.map HTTP/1.1" 404 1692
[06/Dec/2018 18:36:41] "GET /media/45986.jpg HTTP/1.1" 200 109074
[06/Dec/2018 18:36:41] "GET /media/s-l500.png HTTP/1.1" 200 242048
Not Found: /favicon.ico
[06/Dec/2018 18:36:41] "GET /favicon.ico HTTP/1.1" 404 2803
[06/Dec/2018 18:36:42] "GET /static/material-design-icons-3.0.1/iconfont/MaterialIcons-Regular.woff2 HTTP/1.1" 200 44300
[06/Dec/2018 18:36:54] "GET / HTTP/1.1" 200 20285
[06/Dec/2018 18:36:54] "GET /static/css/w3.css HTTP/1.1" 200 23491
[06/Dec/2018 18:36:54] "GET /static/material-design-icons-3.0.1/iconfont/material-icons.css HTTP/1.1" 200 970
[06/Dec/2018 18:36:54] "GET /static/css/trains.css HTTP/1.1" 200 1718
[06/Dec/2018 18:36:54] "GET /static/js/cursor.js HTTP/1.1" 200 3416
[06/Dec/2018 18:36:54] "GET /static/js/colorpicker/jquery.colorpicker.js HTTP/1.1" 200 14441
[06/Dec/2018 18:36:54] "GET /static/css/bootstrap.min.css HTTP/1.1" 200 140936
[06/Dec/2018 18:36:54] "GET /static/css/bootstrap3.min.css HTTP/1.1" 200 121200
[06/Dec/2018 18:36:54] "GET /static/js/jquery-3.3.1.min.js HTTP/1.1" 200 86927
[06/Dec/2018 18:36:54] "GET /static/js/jquery.knob.js HTTP/1.1" 200 26252
[06/Dec/2018 18:36:54] "GET /static/js/buttons/buttonHandler.js HTTP/1.1" 200 1368
[06/Dec/2018 18:36:54] "GET /static/js/popper.min.js HTTP/1.1" 200 20337
[06/Dec/2018 18:36:54] "GET /static/js/bootstrap.min.js HTTP/1.1" 200 51039
[06/Dec/2018 18:36:54] "POST /commands/ HTTP/1.1" 200 2
[06/Dec/2018 18:36:54] "GET /static/css/bootstrap.min.css.map HTTP/1.1" 404 1698
[06/Dec/2018 18:36:54] "GET /media/45986.jpg HTTP/1.1" 200 109074
[06/Dec/2018 18:36:54] "GET /media/Tracklayout.jpg HTTP/1.1" 200 135302
[06/Dec/2018 18:36:54] "GET /static/js/popper.min.js.map HTTP/1.1" 404 1683
[06/Dec/2018 18:36:54] "GET /static/js/bootstrap.min.js.map HTTP/1.1" 404 1692
[06/Dec/2018 18:36:54] "GET /media/s-l500.png HTTP/1.1" 200 242048
Not Found: /favicon.ico
[06/Dec/2018 18:36:55] "GET /favicon.ico HTTP/1.1" 404 2803
[06/Dec/2018 18:36:56] "GET /static/material-design-icons-3.0.1/iconfont/MaterialIcons-Regular.woff2 HTTP/1.1" 200 44300
[06/Dec/2018 18:37:16] "GET / HTTP/1.1" 200 20005
[06/Dec/2018 18:37:17] "GET /static/css/w3.css HTTP/1.1" 200 23491
[06/Dec/2018 18:37:17] "GET /static/material-design-icons-3.0.1/iconfont/material-icons.css HTTP/1.1" 200 970
[06/Dec/2018 18:37:17] "GET /static/css/trains.css HTTP/1.1" 200 1718
[06/Dec/2018 18:37:17] "GET /static/css/bootstrap.min.css HTTP/1.1" 200 140936
[06/Dec/2018 18:37:17] "GET /static/css/bootstrap3.min.css HTTP/1.1" 200 121200
[06/Dec/2018 18:37:17] "GET /static/js/cursor.js HTTP/1.1" 200 3416
[06/Dec/2018 18:37:17] "GET /static/js/jquery-3.3.1.min.js HTTP/1.1" 200 86927
[06/Dec/2018 18:37:17] "GET /static/js/colorpicker/jquery.colorpicker.js HTTP/1.1" 200 14441
[06/Dec/2018 18:37:17] "GET /static/js/jquery.knob.js HTTP/1.1" 200 26252
[06/Dec/2018 18:37:17] "GET /static/js/buttons/buttonHandler.js HTTP/1.1" 200 1368
[06/Dec/2018 18:37:17] "GET /static/js/popper.min.js HTTP/1.1" 200 20337
[06/Dec/2018 18:37:17] "GET /static/js/bootstrap.min.js HTTP/1.1" 200 51039
[06/Dec/2018 18:37:17] "POST /commands/ HTTP/1.1" 200 2
[06/Dec/2018 18:37:17] "GET /static/css/bootstrap.min.css.map HTTP/1.1" 404 1698
[06/Dec/2018 18:37:17] "GET /media/Tracklayout.jpg HTTP/1.1" 200 135302
[06/Dec/2018 18:37:17] "GET /static/js/popper.min.js.map HTTP/1.1" 404 1683
[06/Dec/2018 18:37:17] "GET /media/45986.jpg HTTP/1.1" 200 109074
[06/Dec/2018 18:37:17] "GET /static/js/bootstrap.min.js.map HTTP/1.1" 404 1692
[06/Dec/2018 18:37:17] "GET /media/s-l500.png HTTP/1.1" 200 242048
Not Found: /favicon.ico
[06/Dec/2018 18:37:17] "GET /favicon.ico HTTP/1.1" 404 2803
[06/Dec/2018 18:37:18] "GET /static/material-design-icons-3.0.1/iconfont/MaterialIcons-Regular.woff2 HTTP/1.1" 200 44300
[06/Dec/2018 18:37:38] "GET / HTTP/1.1" 200 20125
[06/Dec/2018 18:37:38] "POST /commands/ HTTP/1.1" 200 2
[06/Dec/2018 18:37:38] "GET /static/css/bootstrap.min.css.map HTTP/1.1" 404 1698
[06/Dec/2018 18:37:38] "GET /static/js/popper.min.js.map HTTP/1.1" 404 1683
[06/Dec/2018 18:37:38] "GET /static/js/bootstrap.min.js.map HTTP/1.1" 404 1692
[06/Dec/2018 18:39:57] "GET /media/jquery.colorpicker.slider_cursor.png HTTP/1.1" 200 461
[06/Dec/2018 18:39:57] "GET /media/jquery.colorpicker.slider.png HTTP/1.1" 200 380
[06/Dec/2018 18:39:57] "GET /media/jquery.colorpicker.wheel_cursor.png HTTP/1.1" 200 388
[06/Dec/2018 18:39:57] "GET /media/jquery.colorpicker.wheel_mask.png HTTP/1.1" 200 3892
[06/Dec/2018 18:39:57] "GET /media/jquery.colorpicker.wheel.png HTTP/1.1" 200 24882
[06/Dec/2018 18:40:03] "GET / HTTP/1.1" 200 20237
[06/Dec/2018 18:40:03] "GET /static/css/w3.css HTTP/1.1" 200 23491
[06/Dec/2018 18:40:03] "GET /static/material-design-icons-3.0.1/iconfont/material-icons.css HTTP/1.1" 200 970
[06/Dec/2018 18:40:03] "GET /static/css/trains.css HTTP/1.1" 200 1718
[06/Dec/2018 18:40:04] "GET /static/js/cursor.js HTTP/1.1" 200 3416
[06/Dec/2018 18:40:04] "GET /static/js/colorpicker/jquery.colorpicker.js HTTP/1.1" 200 14441
[06/Dec/2018 18:40:04] "GET /static/js/jquery-3.3.1.min.js HTTP/1.1" 200 86927
[06/Dec/2018 18:40:04] "GET /static/css/bootstrap3.min.css HTTP/1.1" 200 121200
[06/Dec/2018 18:40:04] "GET /static/js/jquery.knob.js HTTP/1.1" 200 26252
[06/Dec/2018 18:40:04] "GET /static/css/bootstrap.min.css HTTP/1.1" 200 140936
[06/Dec/2018 18:40:04] "GET /static/js/buttons/buttonHandler.js HTTP/1.1" 200 1368
[06/Dec/2018 18:40:04] "GET /static/js/popper.min.js HTTP/1.1" 200 20337
[06/Dec/2018 18:40:04] "GET /static/js/bootstrap.min.js HTTP/1.1" 200 51039
[06/Dec/2018 18:40:04] "POST /commands/ HTTP/1.1" 200 2
[06/Dec/2018 18:40:04] "GET /static/css/bootstrap.min.css.map HTTP/1.1" 404 1698
[06/Dec/2018 18:40:04] "GET /media/Tracklayout.jpg HTTP/1.1" 200 135302
[06/Dec/2018 18:40:04] "GET /static/js/popper.min.js.map HTTP/1.1" 404 1683
[06/Dec/2018 18:40:04] "GET /media/45986.jpg HTTP/1.1" 200 109074
[06/Dec/2018 18:40:04] "GET /static/js/bootstrap.min.js.map HTTP/1.1" 404 1692
[06/Dec/2018 18:40:04] "GET /media/s-l500.png HTTP/1.1" 200 242048
Not Found: /favicon.ico
[06/Dec/2018 18:40:04] "GET /favicon.ico HTTP/1.1" 404 2803
[06/Dec/2018 18:43:04] "GET / HTTP/1.1" 200 20229
[06/Dec/2018 18:43:04] "GET /static/material-design-icons-3.0.1/iconfont/material-icons.css HTTP/1.1" 200 970
[06/Dec/2018 18:43:04] "GET /static/css/w3.css HTTP/1.1" 200 23491
[06/Dec/2018 18:43:04] "GET /static/css/trains.css HTTP/1.1" 200 1859
[06/Dec/2018 18:43:04] "GET /static/js/jquery.knob.js HTTP/1.1" 200 26252
[06/Dec/2018 18:43:04] "GET /static/js/cursor.js HTTP/1.1" 200 3416
[06/Dec/2018 18:43:04] "GET /static/js/colorpicker/jquery.colorpicker.js HTTP/1.1" 200 14441
[06/Dec/2018 18:43:04] "GET /static/js/jquery-3.3.1.min.js HTTP/1.1" 200 86927
[06/Dec/2018 18:43:04] "GET /static/css/bootstrap3.min.css HTTP/1.1" 200 121200
[06/Dec/2018 18:43:04] "GET /static/css/bootstrap.min.css HTTP/1.1" 200 140936
[06/Dec/2018 18:43:04] "GET /static/js/buttons/buttonHandler.js HTTP/1.1" 200 1368
[06/Dec/2018 18:43:04] "GET /static/js/popper.min.js HTTP/1.1" 200 20337
[06/Dec/2018 18:43:04] "GET /static/js/bootstrap.min.js HTTP/1.1" 200 51039
[06/Dec/2018 18:43:04] "POST /commands/ HTTP/1.1" 200 2
[06/Dec/2018 18:43:04] "GET /static/css/bootstrap.min.css.map HTTP/1.1" 404 1698
[06/Dec/2018 18:43:04] "GET /media/Tracklayout.jpg HTTP/1.1" 200 135302
[06/Dec/2018 18:43:04] "GET /static/js/popper.min.js.map HTTP/1.1" 404 1683
[06/Dec/2018 18:43:04] "GET /media/45986.jpg HTTP/1.1" 200 109074
[06/Dec/2018 18:43:04] "GET /static/js/bootstrap.min.js.map HTTP/1.1" 404 1692
[06/Dec/2018 18:43:05] "GET /media/s-l500.png HTTP/1.1" 200 242048
Not Found: /favicon.ico
[06/Dec/2018 18:43:05] "GET /favicon.ico HTTP/1.1" 404 2803
[06/Dec/2018 18:43:36] "GET / HTTP/1.1" 200 20274
[06/Dec/2018 18:43:36] "GET /static/css/w3.css HTTP/1.1" 200 23491
[06/Dec/2018 18:43:36] "GET /static/material-design-icons-3.0.1/iconfont/material-icons.css HTTP/1.1" 200 970
[06/Dec/2018 18:43:36] "GET /static/css/trains.css HTTP/1.1" 200 1859
[06/Dec/2018 18:43:36] "GET /static/js/jquery.knob.js HTTP/1.1" 200 26252
[06/Dec/2018 18:43:36] "GET /static/js/cursor.js HTTP/1.1" 200 3416
[06/Dec/2018 18:43:36] "GET /static/js/colorpicker/jquery.colorpicker.js HTTP/1.1" 200 14441
[06/Dec/2018 18:43:36] "GET /static/js/jquery-3.3.1.min.js HTTP/1.1" 200 86927
[06/Dec/2018 18:43:36] "GET /static/css/bootstrap.min.css HTTP/1.1" 200 140936
[06/Dec/2018 18:43:36] "GET /static/css/bootstrap3.min.css HTTP/1.1" 200 121200
[06/Dec/2018 18:43:36] "GET /static/js/buttons/buttonHandler.js HTTP/1.1" 200 1368
[06/Dec/2018 18:43:36] "GET /static/js/popper.min.js HTTP/1.1" 200 20337
[06/Dec/2018 18:43:36] "GET /static/js/bootstrap.min.js HTTP/1.1" 200 51039
[06/Dec/2018 18:43:36] "GET /static/css/bootstrap.min.css.map HTTP/1.1" 404 1698
[06/Dec/2018 18:43:36] "GET /media/Tracklayout.jpg HTTP/1.1" 200 135302
[06/Dec/2018 18:43:36] "POST /commands/ HTTP/1.1" 200 2
[06/Dec/2018 18:43:36] "GET /media/45986.jpg HTTP/1.1" 200 109074
[06/Dec/2018 18:43:36] "GET /static/js/popper.min.js.map HTTP/1.1" 404 1683
[06/Dec/2018 18:43:36] "GET /static/js/bootstrap.min.js.map HTTP/1.1" 404 1692
[06/Dec/2018 18:43:36] "GET /media/s-l500.png HTTP/1.1" 200 242048
Not Found: /favicon.ico
[06/Dec/2018 18:43:37] "GET /favicon.ico HTTP/1.1" 404 2803
[06/Dec/2018 18:43:48] "GET / HTTP/1.1" 200 20274
[06/Dec/2018 18:43:48] "GET /static/css/w3.css HTTP/1.1" 200 23491
[06/Dec/2018 18:43:48] "GET /static/material-design-icons-3.0.1/iconfont/material-icons.css HTTP/1.1" 200 970
[06/Dec/2018 18:43:48] "GET /static/css/trains.css HTTP/1.1" 200 1825
[06/Dec/2018 18:43:48] "GET /static/js/jquery.knob.js HTTP/1.1" 200 26252
[06/Dec/2018 18:43:48] "GET /static/js/jquery-3.3.1.min.js HTTP/1.1" 200 86927
[06/Dec/2018 18:43:48] "GET /static/js/cursor.js HTTP/1.1" 200 3416
[06/Dec/2018 18:43:48] "GET /static/js/colorpicker/jquery.colorpicker.js HTTP/1.1" 200 14441
[06/Dec/2018 18:43:48] "GET /static/js/buttons/buttonHandler.js HTTP/1.1" 200 1368
[06/Dec/2018 18:43:48] "GET /static/css/bootstrap3.min.css HTTP/1.1" 200 121200
[06/Dec/2018 18:43:48] "GET /static/js/popper.min.js HTTP/1.1" 200 20337
[06/Dec/2018 18:43:48] "GET /static/css/bootstrap.min.css HTTP/1.1" 200 140936
[06/Dec/2018 18:43:48] "GET /static/js/bootstrap.min.js HTTP/1.1" 200 51039
[06/Dec/2018 18:43:48] "POST /commands/ HTTP/1.1" 200 2
[06/Dec/2018 18:43:48] "GET /static/css/bootstrap.min.css.map HTTP/1.1" 404 1698
[06/Dec/2018 18:43:48] "GET /media/45986.jpg HTTP/1.1" 200 109074
[06/Dec/2018 18:43:49] "GET /static/js/popper.min.js.map HTTP/1.1" 404 1683
[06/Dec/2018 18:43:49] "GET /media/Tracklayout.jpg HTTP/1.1" 200 135302
[06/Dec/2018 18:43:49] "GET /static/js/bootstrap.min.js.map HTTP/1.1" 404 1692
[06/Dec/2018 18:43:49] "GET /media/s-l500.png HTTP/1.1" 200 242048
Not Found: /favicon.ico
[06/Dec/2018 18:43:49] "GET /favicon.ico HTTP/1.1" 404 2803
[06/Dec/2018 18:44:15] "GET / HTTP/1.1" 200 20278
[06/Dec/2018 18:44:15] "GET /static/css/w3.css HTTP/1.1" 200 23491
[06/Dec/2018 18:44:15] "GET /static/material-design-icons-3.0.1/iconfont/material-icons.css HTTP/1.1" 200 970
[06/Dec/2018 18:44:15] "GET /static/css/trains.css HTTP/1.1" 200 1825
[06/Dec/2018 18:44:15] "GET /static/js/cursor.js HTTP/1.1" 200 3416
[06/Dec/2018 18:44:15] "GET /static/js/colorpicker/jquery.colorpicker.js HTTP/1.1" 200 14441
[06/Dec/2018 18:44:15] "GET /static/js/jquery-3.3.1.min.js HTTP/1.1" 200 86927
[06/Dec/2018 18:44:15] "GET /static/css/bootstrap.min.css HTTP/1.1" 200 140936
[06/Dec/2018 18:44:15] "GET /static/css/bootstrap3.min.css HTTP/1.1" 200 121200
[06/Dec/2018 18:44:15] "GET /static/js/jquery.knob.js HTTP/1.1" 200 26252
[06/Dec/2018 18:44:15] "GET /static/js/buttons/buttonHandler.js HTTP/1.1" 200 1368
[06/Dec/2018 18:44:15] "GET /static/js/popper.min.js HTTP/1.1" 200 20337
[06/Dec/2018 18:44:15] "GET /static/js/bootstrap.min.js HTTP/1.1" 200 51039
[06/Dec/2018 18:44:15] "POST /commands/ HTTP/1.1" 200 2
[06/Dec/2018 18:44:15] "GET /static/css/bootstrap.min.css.map HTTP/1.1" 404 1698
[06/Dec/2018 18:44:15] "GET /media/45986.jpg HTTP/1.1" 200 109074
[06/Dec/2018 18:44:15] "GET /static/js/popper.min.js.map HTTP/1.1" 404 1683
[06/Dec/2018 18:44:15] "GET /media/Tracklayout.jpg HTTP/1.1" 200 135302
[06/Dec/2018 18:44:15] "GET /static/js/bootstrap.min.js.map HTTP/1.1" 404 1692
[06/Dec/2018 18:44:15] "GET /media/s-l500.png HTTP/1.1" 200 242048
Not Found: /favicon.ico
[06/Dec/2018 18:44:15] "GET /favicon.ico HTTP/1.1" 404 2803
[06/Dec/2018 18:44:56] "GET / HTTP/1.1" 200 20309
[06/Dec/2018 18:44:57] "GET /static/css/w3.css HTTP/1.1" 200 23491
[06/Dec/2018 18:44:57] "GET /static/material-design-icons-3.0.1/iconfont/material-icons.css HTTP/1.1" 200 970
[06/Dec/2018 18:44:57] "GET /static/css/trains.css HTTP/1.1" 200 1825
[06/Dec/2018 18:44:57] "GET /static/js/jquery.knob.js HTTP/1.1" 200 26252
[06/Dec/2018 18:44:57] "GET /static/css/bootstrap.min.css HTTP/1.1" 200 140936
[06/Dec/2018 18:44:57] "GET /static/js/jquery-3.3.1.min.js HTTP/1.1" 200 86927
[06/Dec/2018 18:44:57] "GET /static/js/cursor.js HTTP/1.1" 200 3416
[06/Dec/2018 18:44:57] "GET /static/js/colorpicker/jquery.colorpicker.js HTTP/1.1" 200 14441
[06/Dec/2018 18:44:57] "GET /static/css/bootstrap3.min.css HTTP/1.1" 200 121200
[06/Dec/2018 18:44:57] "GET /static/js/buttons/buttonHandler.js HTTP/1.1" 200 1368
[06/Dec/2018 18:44:57] "GET /static/js/popper.min.js HTTP/1.1" 200 20337
[06/Dec/2018 18:44:57] "GET /static/js/bootstrap.min.js HTTP/1.1" 200 51039
[06/Dec/2018 18:44:57] "GET /static/css/bootstrap.min.css.map HTTP/1.1" 404 1698
[06/Dec/2018 18:44:57] "POST /commands/ HTTP/1.1" 200 2
[06/Dec/2018 18:44:57] "GET /static/js/popper.min.js.map HTTP/1.1" 404 1683
[06/Dec/2018 18:44:57] "GET /media/45986.jpg HTTP/1.1" 200 109074
[06/Dec/2018 18:44:57] "GET /media/Tracklayout.jpg HTTP/1.1" 200 135302
[06/Dec/2018 18:44:57] "GET /static/js/bootstrap.min.js.map HTTP/1.1" 404 1692
[06/Dec/2018 18:44:57] "GET /media/s-l500.png HTTP/1.1" 200 242048
Not Found: /favicon.ico
[06/Dec/2018 18:44:57] "GET /favicon.ico HTTP/1.1" 404 2803
[06/Dec/2018 18:45:16] "GET /static/material-design-icons-3.0.1/iconfont/MaterialIcons-Regular.woff2 HTTP/1.1" 200 44300
[06/Dec/2018 18:45:20] "GET /media/jquery.colorpicker.wheel_cursor.png HTTP/1.1" 200 388
[06/Dec/2018 18:45:20] "GET /media/jquery.colorpicker.slider_cursor.png HTTP/1.1" 200 461
[06/Dec/2018 18:45:20] "GET /media/jquery.colorpicker.wheel_mask.png HTTP/1.1" 200 3892
[06/Dec/2018 18:45:20] "GET /media/jquery.colorpicker.slider.png HTTP/1.1" 200 380
[06/Dec/2018 18:45:20] "GET /media/jquery.colorpicker.wheel.png HTTP/1.1" 200 24882
